<?xml version="1.0" encoding="UTF-8"?>
<testsuite name="com.example.Newsternews.NewsterNewsApplicationTests" tests="1" skipped="0" failures="0" errors="0" timestamp="2022-09-23T19:56:58" hostname="DESKTOP-9USM690" time="4.41">
  <properties/>
  <testcase name="contextLoads()" classname="com.example.Newsternews.NewsterNewsApplicationTests" time="4.41"/>
  <system-out><![CDATA[12:56:40.284 [Test worker] DEBUG org.springframework.test.context.BootstrapUtils - Instantiating CacheAwareContextLoaderDelegate from class [org.springframework.test.context.cache.DefaultCacheAwareContextLoaderDelegate]
12:56:40.372 [Test worker] DEBUG org.springframework.test.context.BootstrapUtils - Instantiating BootstrapContext using constructor [public org.springframework.test.context.support.DefaultBootstrapContext(java.lang.Class,org.springframework.test.context.CacheAwareContextLoaderDelegate)]
12:56:40.636 [Test worker] DEBUG org.springframework.test.context.BootstrapUtils - Instantiating TestContextBootstrapper for test class [com.example.Newsternews.NewsterNewsApplicationTests] from class [org.springframework.boot.test.context.SpringBootTestContextBootstrapper]
12:56:40.723 [Test worker] INFO org.springframework.boot.test.context.SpringBootTestContextBootstrapper - Neither @ContextConfiguration nor @ContextHierarchy found for test class [com.example.Newsternews.NewsterNewsApplicationTests], using SpringBootContextLoader
12:56:40.761 [Test worker] DEBUG org.springframework.test.context.support.AbstractContextLoader - Did not detect default resource location for test class [com.example.Newsternews.NewsterNewsApplicationTests]: class path resource [com/example/Newsternews/NewsterNewsApplicationTests-context.xml] does not exist
12:56:40.765 [Test worker] DEBUG org.springframework.test.context.support.AbstractContextLoader - Did not detect default resource location for test class [com.example.Newsternews.NewsterNewsApplicationTests]: class path resource [com/example/Newsternews/NewsterNewsApplicationTestsContext.groovy] does not exist
12:56:40.768 [Test worker] INFO org.springframework.test.context.support.AbstractContextLoader - Could not detect default resource locations for test class [com.example.Newsternews.NewsterNewsApplicationTests]: no resource found for suffixes {-context.xml, Context.groovy}.
12:56:40.775 [Test worker] INFO org.springframework.test.context.support.AnnotationConfigContextLoaderUtils - Could not detect default configuration classes for test class [com.example.Newsternews.NewsterNewsApplicationTests]: NewsterNewsApplicationTests does not declare any static, non-private, non-final, nested classes annotated with @Configuration.
12:56:41.100 [Test worker] DEBUG org.springframework.test.context.support.ActiveProfilesUtils - Could not find an 'annotation declaring class' for annotation type [org.springframework.test.context.ActiveProfiles] and class [com.example.Newsternews.NewsterNewsApplicationTests]
12:56:41.573 [Test worker] DEBUG org.springframework.context.annotation.ClassPathScanningCandidateComponentProvider - Identified candidate component class: file [C:\Users\zachp\Desktop\Newster-news\Newster-news\build\classes\java\main\com\example\Newsternews\NewsterNewsApplication.class]
12:56:41.583 [Test worker] INFO org.springframework.boot.test.context.SpringBootTestContextBootstrapper - Found @SpringBootConfiguration com.example.Newsternews.NewsterNewsApplication for test class com.example.Newsternews.NewsterNewsApplicationTests
12:56:42.570 [Test worker] DEBUG org.springframework.boot.test.context.SpringBootTestContextBootstrapper - @TestExecutionListeners is not present for class [com.example.Newsternews.NewsterNewsApplicationTests]: using defaults.
12:56:42.574 [Test worker] INFO org.springframework.boot.test.context.SpringBootTestContextBootstrapper - Loaded default TestExecutionListener class names from location [META-INF/spring.factories]: [org.springframework.boot.test.autoconfigure.restdocs.RestDocsTestExecutionListener, org.springframework.boot.test.autoconfigure.web.client.MockRestServiceServerResetTestExecutionListener, org.springframework.boot.test.autoconfigure.web.servlet.MockMvcPrintOnlyOnFailureTestExecutionListener, org.springframework.boot.test.autoconfigure.web.servlet.WebDriverTestExecutionListener, org.springframework.boot.test.autoconfigure.webservices.client.MockWebServiceServerTestExecutionListener, org.springframework.boot.test.mock.mockito.MockitoTestExecutionListener, org.springframework.boot.test.mock.mockito.ResetMocksTestExecutionListener, org.springframework.test.context.web.ServletTestExecutionListener, org.springframework.test.context.support.DirtiesContextBeforeModesTestExecutionListener, org.springframework.test.context.event.ApplicationEventsTestExecutionListener, org.springframework.test.context.support.DependencyInjectionTestExecutionListener, org.springframework.test.context.support.DirtiesContextTestExecutionListener, org.springframework.test.context.transaction.TransactionalTestExecutionListener, org.springframework.test.context.jdbc.SqlScriptsTestExecutionListener, org.springframework.test.context.event.EventPublishingTestExecutionListener]
12:56:42.689 [Test worker] DEBUG org.springframework.boot.test.context.SpringBootTestContextBootstrapper - Skipping candidate TestExecutionListener [org.springframework.test.context.transaction.TransactionalTestExecutionListener] due to a missing dependency. Specify custom listener classes or make the default listener classes and their required dependencies available. Offending class: [org/springframework/transaction/interceptor/TransactionAttributeSource]
12:56:42.693 [Test worker] DEBUG org.springframework.boot.test.context.SpringBootTestContextBootstrapper - Skipping candidate TestExecutionListener [org.springframework.test.context.jdbc.SqlScriptsTestExecutionListener] due to a missing dependency. Specify custom listener classes or make the default listener classes and their required dependencies available. Offending class: [org/springframework/transaction/interceptor/TransactionAttribute]
12:56:42.694 [Test worker] INFO org.springframework.boot.test.context.SpringBootTestContextBootstrapper - Using TestExecutionListeners: [org.springframework.test.context.web.ServletTestExecutionListener@16f7b4af, org.springframework.test.context.support.DirtiesContextBeforeModesTestExecutionListener@7adf16aa, org.springframework.test.context.event.ApplicationEventsTestExecutionListener@34a1d21f, org.springframework.boot.test.mock.mockito.MockitoTestExecutionListener@58bf8650, org.springframework.boot.test.autoconfigure.SpringBootDependencyInjectionTestExecutionListener@73c60324, org.springframework.test.context.support.DirtiesContextTestExecutionListener@71ae31b0, org.springframework.test.context.event.EventPublishingTestExecutionListener@4ba534b0, org.springframework.boot.test.autoconfigure.restdocs.RestDocsTestExecutionListener@6f0ca692, org.springframework.boot.test.autoconfigure.web.client.MockRestServiceServerResetTestExecutionListener@2c104774, org.springframework.boot.test.autoconfigure.web.servlet.MockMvcPrintOnlyOnFailureTestExecutionListener@2cb3d0f7, org.springframework.boot.test.autoconfigure.web.servlet.WebDriverTestExecutionListener@4e517165, org.springframework.boot.test.autoconfigure.webservices.client.MockWebServiceServerTestExecutionListener@44e3760b, org.springframework.boot.test.mock.mockito.ResetMocksTestExecutionListener@6a66a204]
12:56:42.734 [Test worker] DEBUG org.springframework.test.context.support.AbstractDirtiesContextTestExecutionListener - Before test class: context [DefaultTestContext@f6c03cb testClass = NewsterNewsApplicationTests, testInstance = [null], testMethod = [null], testException = [null], mergedContextConfiguration = [WebMergedContextConfiguration@46f699d5 testClass = NewsterNewsApplicationTests, locations = '{}', classes = '{class com.example.Newsternews.NewsterNewsApplication}', contextInitializerClasses = '[]', activeProfiles = '{}', propertySourceLocations = '{}', propertySourceProperties = '{org.springframework.boot.test.context.SpringBootTestContextBootstrapper=true}', contextCustomizers = set[org.springframework.boot.test.autoconfigure.actuate.metrics.MetricsExportContextCustomizerFactory$DisableMetricExportContextCustomizer@5812f68b, org.springframework.boot.test.autoconfigure.properties.PropertyMappingContextCustomizer@0, org.springframework.boot.test.autoconfigure.web.servlet.WebDriverContextCustomizerFactory$Customizer@31dadd46, org.springframework.boot.test.context.filter.ExcludeFilterContextCustomizer@1f010bf0, org.springframework.boot.test.json.DuplicateJsonObjectContextCustomizerFactory$DuplicateJsonObjectContextCustomizer@177bea38, org.springframework.boot.test.mock.mockito.MockitoContextCustomizer@0, org.springframework.boot.test.web.client.TestRestTemplateContextCustomizer@1b7c473a, org.springframework.boot.test.context.SpringBootTestArgs@1, org.springframework.boot.test.context.SpringBootTestWebEnvironment@b62d79], resourceBasePath = 'src/main/webapp', contextLoader = 'org.springframework.boot.test.context.SpringBootContextLoader', parent = [null]], attributes = map['org.springframework.test.context.web.ServletTestExecutionListener.activateListener' -> true]], class annotated with @DirtiesContext [false] with mode [null].

  .   ____          _            __ _ _
 /\\ / ___'_ __ _ _(_)_ __  __ _ \ \ \ \
( ( )\___ | '_ | '_| | '_ \/ _` | \ \ \ \
 \\/  ___)| |_)| | | | | || (_| |  ) ) ) )
  '  |____| .__|_| |_|_| |_\__, | / / / /
 =========|_|==============|___/=/_/_/_/
 :: Spring Boot ::                (v2.7.4)

2022-09-23 12:56:45.129  INFO 14960 --- [    Test worker] c.e.N.NewsterNewsApplicationTests        : Starting NewsterNewsApplicationTests using Java 17.0.4.1 on DESKTOP-9USM690 with PID 14960 (started by zachp in C:\Users\zachp\Desktop\Newster-news\Newster-news)
2022-09-23 12:56:45.141  INFO 14960 --- [    Test worker] c.e.N.NewsterNewsApplicationTests        : No active profile set, falling back to 1 default profile: "default"
2022-09-23 12:56:58.251  INFO 14960 --- [    Test worker] c.e.N.NewsterNewsApplicationTests        : Started NewsterNewsApplicationTests in 15.177 seconds (JVM running for 28.236)
]]></system-out>
  <system-err><![CDATA[]]></system-err>
</testsuite>
